# JRE version: Java(TM) SE Runtime Environment (8.0_92-b14) (build 1.8.0_92-b14)
# Java VM: Java HotSpot(TM) Client VM (25.92-b14 mixed mode windows-x86 )
Heap:
 def new generation   total 42176K, used 27525K [0x04c00000, 0x079c0000, 0x0f6a0000)
  eden space 37504K,  73% used [0x04c00000, 0x066c37b0, 0x070a0000)
  from space 4672K,   2% used [0x07530000, 0x0754de38, 0x079c0000)
  to   space 4672K,   0% used [0x070a0000, 0x070a0000, 0x07530000)
 tenured generation   total 93628K, used 87735K [0x0f6a0000, 0x1520f000, 0x24c00000)
   the space 93628K,  93% used [0x0f6a0000, 0x14c4dc00, 0x14c4dc00, 0x1520f000)
 Metaspace       used 18209K, capacity 18620K, committed 18816K, reserved 18816K
GC Heap History (10 events):
Event: 2996.074 GC heap before
{Heap before GC invocations=9 (full 1):
 def new generation   total 39424K, used 8424K [0x04c00000, 0x076c0000, 0x0f6a0000)
  eden space 35072K,  16% used [0x04c00000, 0x051d2058, 0x06e40000)
  from space 4352K,  56% used [0x06e40000, 0x070a8108, 0x07280000)
  to   space 4352K,   0% used [0x07280000, 0x07280000, 0x076c0000)
 tenured generation   total 87424K, used 61807K [0x0f6a0000, 0x14c00000, 0x24c00000)
   the space 87424K,  70% used [0x0f6a0000, 0x132fbd80, 0x132fbe00, 0x14c00000)
 Metaspace       used 18289K, capacity 18693K, committed 18816K, reserved 18816K
Event: 2996.077 GC heap after
Heap after GC invocations=10 (full 1):
 def new generation   total 39424K, used 3K [0x04c00000, 0x076c0000, 0x0f6a0000)
  eden space 35072K,   0% used [0x04c00000, 0x04c00000, 0x06e40000)
  from space 4352K,   0% used [0x07280000, 0x07280f58, 0x076c0000)
  to   space 4352K,   0% used [0x06e40000, 0x06e40000, 0x07280000)
 tenured generation   total 87424K, used 64193K [0x0f6a0000, 0x14c00000, 0x24c00000)
   the space 87424K,  73% used [0x0f6a0000, 0x13550488, 0x13550600, 0x14c00000)
 Metaspace       used 18289K, capacity 18693K, committed 18816K, reserved 18816K
}
Event: 2996.329 GC heap before
{Heap before GC invocations=10 (full 1):
 def new generation   total 39424K, used 30609K [0x04c00000, 0x076c0000, 0x0f6a0000)
  eden space 35072K,  87% used [0x04c00000, 0x069e37b0, 0x06e40000)
  from space 4352K,   0% used [0x07280000, 0x07280f58, 0x076c0000)
  to   space 4352K,   0% used [0x06e40000, 0x06e40000, 0x07280000)
 tenured generation   total 87424K, used 64193K [0x0f6a0000, 0x14c00000, 0x24c00000)
   the space 87424K,  73% used [0x0f6a0000, 0x13550488, 0x13550600, 0x14c00000)
 Metaspace       used 18289K, capacity 18693K, committed 18816K, reserved 18816K
Event: 2996.432 GC heap after
Heap after GC invocations=11 (full 2):
 def new generation   total 42176K, used 0K [0x04c00000, 0x079c0000, 0x0f6a0000)
  eden space 37504K,   0% used [0x04c00000, 0x04c00000, 0x070a0000)
  from space 4672K,   0% used [0x070a0000, 0x070a0000, 0x07530000)
  to   space 4672K,   0% used [0x07530000, 0x07530000, 0x079c0000)
 tenured generation   total 93628K, used 56174K [0x0f6a0000, 0x1520f000, 0x24c00000)
   the space 93628K,  59% used [0x0f6a0000, 0x12d7bbf0, 0x12d7bc00, 0x1520f000)
 Metaspace       used 18185K, capacity 18556K, committed 18816K, reserved 18816K
}
Event: 17645.276 GC heap before
{Heap before GC invocations=11 (full 2):
 def new generation   total 42176K, used 37504K [0x04c00000, 0x079c0000, 0x0f6a0000)
  eden space 37504K, 100% used [0x04c00000, 0x070a0000, 0x070a0000)
  from space 4672K,   0% used [0x070a0000, 0x070a0000, 0x07530000)
  to   space 4672K,   0% used [0x07530000, 0x07530000, 0x079c0000)
 tenured generation   total 93628K, used 56174K [0x0f6a0000, 0x1520f000, 0x24c00000)
   the space 93628K,  59% used [0x0f6a0000, 0x12d7bbf0, 0x12d7bc00, 0x1520f000)
 Metaspace       used 18209K, capacity 18620K, committed 18816K, reserved 18816K
Event: 17645.299 GC heap after
Heap after GC invocations=12 (full 2):
 def new generation   total 42176K, used 439K [0x04c00000, 0x079c0000, 0x0f6a0000)
  eden space 37504K,   0% used [0x04c00000, 0x04c00000, 0x070a0000)
  from space 4672K,   9% used [0x07530000, 0x0759ded8, 0x079c0000)
  to   space 4672K,   0% used [0x070a0000, 0x070a0000, 0x07530000)
 tenured generation   total 93628K, used 87735K [0x0f6a0000, 0x1520f000, 0x24c00000)
   the space 93628K,  93% used [0x0f6a0000, 0x14c4dc00, 0x14c4dc00, 0x1520f000)
 Metaspace       used 18209K, capacity 18620K, committed 18816K, reserved 18816K
}
Event: 20604.703 GC heap before
{Heap before GC invocations=12 (full 2):
 def new generation   total 42176K, used 37943K [0x04c00000, 0x079c0000, 0x0f6a0000)
  eden space 37504K, 100% used [0x04c00000, 0x070a0000, 0x070a0000)
  from space 4672K,   9% used [0x07530000, 0x0759ded8, 0x079c0000)
  to   space 4672K,   0% used [0x070a0000, 0x070a0000, 0x07530000)
 tenured generation   total 93628K, used 87735K [0x0f6a0000, 0x1520f000, 0x24c00000)
   the space 93628K,  93% used [0x0f6a0000, 0x14c4dc00, 0x14c4dc00, 0x1520f000)
 Metaspace       used 18209K, capacity 18620K, committed 18816K, reserved 18816K
Event: 20604.709 GC heap after
Heap after GC invocations=13 (full 2):
 def new generation   total 42176K, used 459K [0x04c00000, 0x079c0000, 0x0f6a0000)
  eden space 37504K,   0% used [0x04c00000, 0x04c00000, 0x070a0000)
  from space 4672K,   9% used [0x070a0000, 0x07112f88, 0x07530000)
  to   space 4672K,   0% used [0x07530000, 0x07530000, 0x079c0000)
 tenured generation   total 93628K, used 87735K [0x0f6a0000, 0x1520f000, 0x24c00000)
   the space 93628K,  93% used [0x0f6a0000, 0x14c4dc00, 0x14c4dc00, 0x1520f000)
 Metaspace       used 18209K, capacity 18620K, committed 18816K, reserved 18816K
}
Event: 22601.526 GC heap before
{Heap before GC invocations=13 (full 2):
 def new generation   total 42176K, used 37963K [0x04c00000, 0x079c0000, 0x0f6a0000)
  eden space 37504K, 100% used [0x04c00000, 0x070a0000, 0x070a0000)
  from space 4672K,   9% used [0x070a0000, 0x07112f88, 0x07530000)
  to   space 4672K,   0% used [0x07530000, 0x07530000, 0x079c0000)
 tenured generation   total 93628K, used 87735K [0x0f6a0000, 0x1520f000, 0x24c00000)
   the space 93628K,  93% used [0x0f6a0000, 0x14c4dc00, 0x14c4dc00, 0x1520f000)
 Metaspace       used 18209K, capacity 18620K, committed 18816K, reserved 18816K
Event: 22601.528 GC heap after
Heap after GC invocations=14 (full 2):
 def new generation   total 42176K, used 119K [0x04c00000, 0x079c0000, 0x0f6a0000)
  eden space 37504K,   0% used [0x04c00000, 0x04c00000, 0x070a0000)
  from space 4672K,   2% used [0x07530000, 0x0754de38, 0x079c0000)
  to   space 4672K,   0% used [0x070a0000, 0x070a0000, 0x07530000)
 tenured generation   total 93628K, used 87735K [0x0f6a0000, 0x1520f000, 0x24c00000)
   the space 93628K,  93% used [0x0f6a0000, 0x14c4dc00, 0x14c4dc00, 0x1520f000)
 Metaspace       used 18209K, capacity 18620K, committed 18816K, reserved 18816K
}

